Determining if the pthread_create exist failed with the following output:
Change Dir: /home/tingyi/Incremental-MFPT/build/CMakeFiles/CMakeTmp

Run Build Command:"/usr/bin/make" "cmTC_144d1/fast"
/usr/bin/make -f CMakeFiles/cmTC_144d1.dir/build.make CMakeFiles/cmTC_144d1.dir/build
make[1]: Entering directory '/home/tingyi/Incremental-MFPT/build/CMakeFiles/CMakeTmp'
Building C object CMakeFiles/cmTC_144d1.dir/CheckSymbolExists.c.o
/usr/bin/cc    -o CMakeFiles/cmTC_144d1.dir/CheckSymbolExists.c.o   -c /home/tingyi/Incremental-MFPT/build/CMakeFiles/CMakeTmp/CheckSymbolExists.c
Linking C executable cmTC_144d1
/usr/local/bin/cmake -E cmake_link_script CMakeFiles/cmTC_144d1.dir/link.txt --verbose=1
/usr/bin/cc      -rdynamic CMakeFiles/cmTC_144d1.dir/CheckSymbolExists.c.o  -o cmTC_144d1 
CMakeFiles/cmTC_144d1.dir/CheckSymbolExists.c.o: In function `main':
CheckSymbolExists.c:(.text+0x16): undefined reference to `pthread_create'
collect2: error: ld returned 1 exit status
CMakeFiles/cmTC_144d1.dir/build.make:86: recipe for target 'cmTC_144d1' failed
make[1]: *** [cmTC_144d1] Error 1
make[1]: Leaving directory '/home/tingyi/Incremental-MFPT/build/CMakeFiles/CMakeTmp'
Makefile:121: recipe for target 'cmTC_144d1/fast' failed
make: *** [cmTC_144d1/fast] Error 2

File /home/tingyi/Incremental-MFPT/build/CMakeFiles/CMakeTmp/CheckSymbolExists.c:
/* */
#include <pthread.h>

int main(int argc, char** argv)
{
  (void)argv;
#ifndef pthread_create
  return ((int*)(&pthread_create))[argc];
#else
  (void)argc;
  return 0;
#endif
}

Determining if the function pthread_create exists in the pthreads failed with the following output:
Change Dir: /home/tingyi/Incremental-MFPT/build/CMakeFiles/CMakeTmp

Run Build Command:"/usr/bin/make" "cmTC_3062e/fast"
/usr/bin/make -f CMakeFiles/cmTC_3062e.dir/build.make CMakeFiles/cmTC_3062e.dir/build
make[1]: Entering directory '/home/tingyi/Incremental-MFPT/build/CMakeFiles/CMakeTmp'
Building C object CMakeFiles/cmTC_3062e.dir/CheckFunctionExists.c.o
/usr/bin/cc   -DCHECK_FUNCTION_EXISTS=pthread_create   -o CMakeFiles/cmTC_3062e.dir/CheckFunctionExists.c.o   -c /usr/local/share/cmake-3.12/Modules/CheckFunctionExists.c
Linking C executable cmTC_3062e
/usr/local/bin/cmake -E cmake_link_script CMakeFiles/cmTC_3062e.dir/link.txt --verbose=1
/usr/bin/cc  -DCHECK_FUNCTION_EXISTS=pthread_create    -rdynamic CMakeFiles/cmTC_3062e.dir/CheckFunctionExists.c.o  -o cmTC_3062e -lpthreads 
/usr/bin/ld: cannot find -lpthreads
collect2: error: ld returned 1 exit status
CMakeFiles/cmTC_3062e.dir/build.make:86: recipe for target 'cmTC_3062e' failed
make[1]: *** [cmTC_3062e] Error 1
make[1]: Leaving directory '/home/tingyi/Incremental-MFPT/build/CMakeFiles/CMakeTmp'
Makefile:121: recipe for target 'cmTC_3062e/fast' failed
make: *** [cmTC_3062e/fast] Error 2


